=== Job 4: 05 ===
Node: nc30623
Start: Sat 27 Dec 2025 03:49:06 PM EST
Staging data...
Staged to /localscratch/adamb14.54416290.0:
total 10
drwxr-x---.  4 adamb14 adamb14  4 Dec 27 15:49 .
drwxr-xr-x. 46 root    root    46 Dec 27 15:49 ..
drwxr-x---.  2 adamb14 adamb14 14 Dec 27 15:49 poses
drwxr-x---.  3 adamb14 adamb14  4 Dec 27 15:49 sequences
Running: ./Examples/Monocular/mono_kitti Vocabulary/ORBvoc.txt Examples/Monocular/KITTI04-12.yaml /datasets/kitti/sequences/05 0 /output

ORB-SLAM2 Copyright (C) 2014-2016 Raul Mur-Artal, University of Zaragoza.
This program comes with ABSOLUTELY NO WARRANTY;
This is free software, and you are welcome to redistribute it
under certain conditions. See LICENSE.txt.

Input sensor was set to: Monocular

Loading ORB Vocabulary. This could take a while...
Vocabulary loaded!


Camera Parameters: 
- fx: 707.091
- fy: 707.091
- cx: 601.887
- cy: 183.11
- k1: 0
- k2: 0
- p1: 0
- p2: 0
- fps: 10
- color order: RGB (ignored if grayscale)

ORB Extractor Parameters: 
- Number of Features: 2000
- Scale Levels: 8
- Scale Factor: 1.2
- Initial Fast Threshold: 20
- Minimum Fast Threshold: 7

-------
Start processing sequence ...
Images in the sequence: 2761

New Map created with 77 points
Wrong initialization, reseting...
System Reseting
Reseting Local Mapper... done
Reseting Loop Closing... done
Reseting Database... done
New Map created with 120 points
Loop detected!
Local Mapping STOP
Local Mapping RELEASE
Starting Global Bundle Adjustment
Global Bundle Adjustment finished
Updating map ...
Local Mapping STOP
Local Mapping RELEASE
Map updated!
Loop detected!
Local Mapping STOP
Local Mapping RELEASE
Starting Global Bundle Adjustment
Global Bundle Adjustment finished
Updating map ...
Local Mapping STOP
Local Mapping RELEASE
Map updated!
Loop detected!
Local Mapping STOP
Local Mapping RELEASE
Starting Global Bundle Adjustment
Global Bundle Adjustment finished
Updating map ...
Local Mapping STOP
Local Mapping RELEASE
Map updated!
-------

median tracking time: 0.0284017
mean tracking time: 0.0306161

Saving keyframe trajectory to /output/KeyFrameTrajectory.txt ...

trajectory saved!
display = False
system_data keys in yaml = dict_keys(['name', 'runtime', 'sif_path', 'docker_image', 'display', 'mount_slam', 'runtime_args'])
root_dir: /localscratch/adamb14.54416290.0
output_dir: /localscratch/adamb14.54416290.0/results
Executing Singularity command: singularity exec --bind /localscratch/adamb14.54416290.0:/datasets/kitti,/localscratch/adamb14.54416290.0/results/05:/output /home/adamb14/projects/def-lpaull/adamb14/ood_slam/containers/orbslam2.sif /dpds/ORB_SLAM2/run_slam.sh kitti 05 /output 0
Trajectory file created at: /localscratch/adamb14.54416290.0/results/05/track_thread_poses.txt

Seq 05: 2761 frames, 2752/2761 valid (99.67%)
  Scale: 16.85
  RPE trans - mean: 0.1388m, max: 39.7008m
  Valid RPE: 2751/2760
  Exists RPE: 2751/2760
Saved labels to /localscratch/adamb14.54416290.0/results/05/labels.csv
Saved metrics to /localscratch/adamb14.54416290.0/results/05/metrics.json
Saved plots to /localscratch/adamb14.54416290.0/results/05
End: Sat 27 Dec 2025 03:55:12 PM EST
