=== Job 5: 06 ===
Node: nc10451
Start: Sat 27 Dec 2025 03:49:13 PM EST
Staging data...
Staged to /localscratch/adamb14.54416291.0:
total 10
drwxr-x---.  4 adamb14 adamb14  4 Dec 27 15:49 .
drwxr-xr-x. 13 root    root    13 Dec 27 15:49 ..
drwxr-x---.  2 adamb14 adamb14 14 Dec 27 15:49 poses
drwxr-x---.  3 adamb14 adamb14  4 Dec 27 15:49 sequences
Running: ./Examples/Monocular/mono_kitti Vocabulary/ORBvoc.txt Examples/Monocular/KITTI04-12.yaml /datasets/kitti/sequences/06 0 /output

ORB-SLAM2 Copyright (C) 2014-2016 Raul Mur-Artal, University of Zaragoza.
This program comes with ABSOLUTELY NO WARRANTY;
This is free software, and you are welcome to redistribute it
under certain conditions. See LICENSE.txt.

Input sensor was set to: Monocular

Loading ORB Vocabulary. This could take a while...
Vocabulary loaded!


Camera Parameters: 
- fx: 707.091
- fy: 707.091
- cx: 601.887
- cy: 183.11
- k1: 0
- k2: 0
- p1: 0
- p2: 0
- fps: 10
- color order: RGB (ignored if grayscale)

ORB Extractor Parameters: 
- Number of Features: 2000
- Scale Levels: 8
- Scale Factor: 1.2
- Initial Fast Threshold: 20
- Minimum Fast Threshold: 7

-------
Start processing sequence ...
Images in the sequence: 1101

New Map created with 117 points
Loop detected!
Local Mapping STOP
Local Mapping RELEASE
Starting Global Bundle Adjustment
Global Bundle Adjustment finished
Updating map ...
Local Mapping STOP
Local Mapping RELEASE
Map updated!
-------

median tracking time: 0.0295934
mean tracking time: 0.0321453

Saving keyframe trajectory to /output/KeyFrameTrajectory.txt ...

trajectory saved!
display = False
system_data keys in yaml = dict_keys(['name', 'runtime', 'sif_path', 'docker_image', 'display', 'mount_slam', 'runtime_args'])
root_dir: /localscratch/adamb14.54416291.0
output_dir: /localscratch/adamb14.54416291.0/results
Executing Singularity command: singularity exec --bind /localscratch/adamb14.54416291.0:/datasets/kitti,/localscratch/adamb14.54416291.0/results/06:/output /home/adamb14/projects/def-lpaull/adamb14/ood_slam/containers/orbslam2.sif /dpds/ORB_SLAM2/run_slam.sh kitti 06 /output 0
Trajectory file created at: /localscratch/adamb14.54416291.0/results/06/track_thread_poses.txt

Seq 06: 1101 frames, 1099/1101 valid (99.82%)
  Scale: 12.21
  RPE trans - mean: 0.2377m, max: 12.1953m
  Valid RPE: 1098/1100
  Exists RPE: 1098/1100
Saved labels to /localscratch/adamb14.54416291.0/results/06/labels.csv
Saved metrics to /localscratch/adamb14.54416291.0/results/06/metrics.json
Saved plots to /localscratch/adamb14.54416291.0/results/06
End: Sat 27 Dec 2025 03:51:38 PM EST
