=== Job 0: 00 ===
Node: nc30501
Start: Sat 27 Dec 2025 03:48:48 PM EST
Staging data...
Staged to /localscratch/adamb14.54416286.0:
total 10
drwxr-x---. 4 adamb14 adamb14  4 Dec 27 15:49 .
drwxr-xr-x. 9 root    root     9 Dec 27 15:48 ..
drwxr-x---. 2 adamb14 adamb14 14 Dec 27 15:49 poses
drwxr-x---. 3 adamb14 adamb14  4 Dec 27 15:49 sequences
Running: ./Examples/Monocular/mono_kitti Vocabulary/ORBvoc.txt Examples/Monocular/KITTI00-02.yaml /datasets/kitti/sequences/00 0 /output

ORB-SLAM2 Copyright (C) 2014-2016 Raul Mur-Artal, University of Zaragoza.
This program comes with ABSOLUTELY NO WARRANTY;
This is free software, and you are welcome to redistribute it
under certain conditions. See LICENSE.txt.

Input sensor was set to: Monocular

Loading ORB Vocabulary. This could take a while...
Vocabulary loaded!


Camera Parameters: 
- fx: 718.856
- fy: 718.856
- cx: 607.193
- cy: 185.216
- k1: 0
- k2: 0
- p1: 0
- p2: 0
- fps: 10
- color order: RGB (ignored if grayscale)

ORB Extractor Parameters: 
- Number of Features: 2000
- Scale Levels: 8
- Scale Factor: 1.2
- Initial Fast Threshold: 20
- Minimum Fast Threshold: 7

-------
Start processing sequence ...
Images in the sequence: 4541

New Map created with 106 points
Loop detected!
Local Mapping STOP
Local Mapping RELEASE
Starting Global Bundle Adjustment
Global Bundle Adjustment finished
Updating map ...
Local Mapping STOP
Local Mapping RELEASE
Map updated!
Loop detected!
Local Mapping STOP
Local Mapping RELEASE
Starting Global Bundle Adjustment
Global Bundle Adjustment finished
Updating map ...
Local Mapping STOP
Local Mapping RELEASE
Map updated!
Loop detected!
Local Mapping STOP
Local Mapping RELEASEStarting Global Bundle Adjustment

Global Bundle Adjustment finished
Updating map ...
Local Mapping STOP
Local Mapping RELEASE
Map updated!
