=== Job 9: 10 ===
Node: nc30517
Start: Sat 27 Dec 2025 03:49:14 PM EST
Staging data...
Staged to /localscratch/adamb14.54416285.0:
total 10
drwxr-x---.  4 adamb14 adamb14  4 Dec 27 15:49 .
drwxr-xr-x. 14 root    root    14 Dec 27 15:49 ..
drwxr-x---.  2 adamb14 adamb14 14 Dec 27 15:49 poses
drwxr-x---.  3 adamb14 adamb14  4 Dec 27 15:49 sequences
Running: ./Examples/Monocular/mono_kitti Vocabulary/ORBvoc.txt Examples/Monocular/KITTI04-12.yaml /datasets/kitti/sequences/10 0 /output

ORB-SLAM2 Copyright (C) 2014-2016 Raul Mur-Artal, University of Zaragoza.
This program comes with ABSOLUTELY NO WARRANTY;
This is free software, and you are welcome to redistribute it
under certain conditions. See LICENSE.txt.

Input sensor was set to: Monocular

Loading ORB Vocabulary. This could take a while...
Vocabulary loaded!


Camera Parameters: 
- fx: 707.091
- fy: 707.091
- cx: 601.887
- cy: 183.11
- k1: 0
- k2: 0
- p1: 0
- p2: 0
- fps: 10
- color order: RGB (ignored if grayscale)

ORB Extractor Parameters: 
- Number of Features: 2000
- Scale Levels: 8
- Scale Factor: 1.2
- Initial Fast Threshold: 20
- Minimum Fast Threshold: 7

-------
Start processing sequence ...
Images in the sequence: 1201

New Map created with 116 points
-------

median tracking time: 0.0271206
mean tracking time: 0.0287248

Saving keyframe trajectory to /output/KeyFrameTrajectory.txt ...

trajectory saved!
display = False
system_data keys in yaml = dict_keys(['name', 'runtime', 'sif_path', 'docker_image', 'display', 'mount_slam', 'runtime_args'])
root_dir: /localscratch/adamb14.54416285.0
output_dir: /localscratch/adamb14.54416285.0/results
Executing Singularity command: singularity exec --bind /localscratch/adamb14.54416285.0:/datasets/kitti,/localscratch/adamb14.54416285.0/results/10:/output /home/adamb14/projects/def-lpaull/adamb14/ood_slam/containers/orbslam2.sif /dpds/ORB_SLAM2/run_slam.sh kitti 10 /output 0
Trajectory file created at: /localscratch/adamb14.54416285.0/results/10/track_thread_poses.txt

Seq 10: 1201 frames, 1161/1201 valid (96.67%)
  Scale: 17.01
  RPE trans - mean: 0.0579m, max: 0.3159m
  Valid RPE: 1160/1200
  Exists RPE: 1160/1200
Saved labels to /localscratch/adamb14.54416285.0/results/10/labels.csv
Saved metrics to /localscratch/adamb14.54416285.0/results/10/metrics.json
Saved plots to /localscratch/adamb14.54416285.0/results/10
End: Sat 27 Dec 2025 03:51:52 PM EST
