=== Job 1: 01 ===
Node: nc30453
Start: Sat 27 Dec 2025 03:49:00 PM EST
Staging data...
Staged to /localscratch/adamb14.54416287.0:
total 10
drwxr-x---.  4 adamb14 adamb14  4 Dec 27 15:49 .
drwxr-xr-x. 12 root    root    12 Dec 27 15:49 ..
drwxr-x---.  2 adamb14 adamb14 14 Dec 27 15:49 poses
drwxr-x---.  3 adamb14 adamb14  4 Dec 27 15:49 sequences
Running: ./Examples/Monocular/mono_kitti Vocabulary/ORBvoc.txt Examples/Monocular/KITTI00-02.yaml /datasets/kitti/sequences/01 0 /output

ORB-SLAM2 Copyright (C) 2014-2016 Raul Mur-Artal, University of Zaragoza.
This program comes with ABSOLUTELY NO WARRANTY;
This is free software, and you are welcome to redistribute it
under certain conditions. See LICENSE.txt.

Input sensor was set to: Monocular

Loading ORB Vocabulary. This could take a while...
Vocabulary loaded!


Camera Parameters: 
- fx: 718.856
- fy: 718.856
- cx: 607.193
- cy: 185.216
- k1: 0
- k2: 0
- p1: 0
- p2: 0
- fps: 10
- color order: RGB (ignored if grayscale)

ORB Extractor Parameters: 
- Number of Features: 2000
- Scale Levels: 8
- Scale Factor: 1.2
- Initial Fast Threshold: 20
- Minimum Fast Threshold: 7

-------
Start processing sequence ...
Images in the sequence: 1101

New Map created with 96 points
Wrong initialization, reseting...
System Reseting
Reseting Local Mapper... done
Reseting Loop Closing... done
Reseting Database... done
New Map created with 139 points
-------

median tracking time: 0.0286891
mean tracking time: 0.0299628

Saving keyframe trajectory to /output/KeyFrameTrajectory.txt ...

trajectory saved!
display = False
system_data keys in yaml = dict_keys(['name', 'runtime', 'sif_path', 'docker_image', 'display', 'mount_slam', 'runtime_args'])
root_dir: /localscratch/adamb14.54416287.0
output_dir: /localscratch/adamb14.54416287.0/results
Executing Singularity command: singularity exec --bind /localscratch/adamb14.54416287.0:/datasets/kitti,/localscratch/adamb14.54416287.0/results/01:/output /home/adamb14/projects/def-lpaull/adamb14/ood_slam/containers/orbslam2.sif /dpds/ORB_SLAM2/run_slam.sh kitti 01 /output 0
Trajectory file created at: /localscratch/adamb14.54416287.0/results/01/track_thread_poses.txt

Seq 01: 1101 frames, 554/1101 valid (50.32%)
  Filled frames: 506 (45.96%)
  Scale: 83.23
  RPE trans - mean: 2.3960m, max: 4.5434m
  Valid RPE: 553/1100
  Exists RPE: 1059/1100
Saved labels to /localscratch/adamb14.54416287.0/results/01/labels.csv
Saved metrics to /localscratch/adamb14.54416287.0/results/01/metrics.json
Saved plots to /localscratch/adamb14.54416287.0/results/01
End: Sat 27 Dec 2025 03:51:26 PM EST
